#
#model:
#
#<?xml version="1.0" encoding="UTF-8" standalone="no"?><input id="posterior" spec="beast.core.util.CompoundDistribution">
#    <distribution id="prior" spec="beast.core.util.CompoundDistribution">
#        <distribution id="YuleModel.t:47" spec="beast.evolution.speciation.YuleModel">
#            <parameter id="birthRate.t:47" name="birthDiffRate">1.0</parameter>
#            <tree id="Tree.t:47">
#                <taxonset id="TaxonSet.Taxon" spec="beast.evolution.alignment.TaxonSet">
#                </taxonset>
#            </tree>
#        </distribution>
#        <prior id="YuleBirthRatePrior.t:47" name="distribution" x="@birthRate.t:47">
#            <Uniform id="Uniform.0" name="distr" upper="Infinity"/>
#        </prior>
#        <prior id="MutationRatePrior.s:47" name="distribution">
#            <parameter id="mutationRate.s:47" name="x">1.0</parameter>
#            <OneOnX id="OneOnX.0" name="distr"/>
#        </prior>
#    </distribution>
#    <distribution id="likelihood" spec="beast.core.util.CompoundDistribution">
#        <distribution data="@47" id="treeLikelihood.47" spec="beast.evolution.likelihood.TreeLikelihood" tree="@Tree.t:47">
#            <siteModel id="SiteModel.s:47" mutationRate="@mutationRate.s:47" spec="beast.evolution.sitemodel.SiteModel">
#                <parameter estimate="false" id="gammaShape.s:47" name="shape">1.0</parameter>
#                <parameter estimate="false" id="proportionInvariant.s:47" lower="0.0" name="proportionInvariant" upper="1.0">0.0</parameter>
#                <substModel id="gtr.s:47" spec="beast.evolution.substitutionmodel.GTR">
#                    <parameter estimate="false" id="rateAC.s:47" lower="0.0" name="rateAC">1.0</parameter>
#                    <parameter estimate="false" id="rateAG.s:47" lower="0.0" name="rateAG">1.0</parameter>
#                    <parameter estimate="false" id="rateAT.s:47" lower="0.0" name="rateAT">1.0</parameter>
#                    <parameter estimate="false" id="rateCG.s:47" lower="0.0" name="rateCG">1.0</parameter>
#                    <parameter estimate="false" id="rateCT.s:47" lower="0.0" name="rateCT">1.0</parameter>
#                    <parameter estimate="false" id="rateGT.s:47" lower="0.0" name="rateGT">1.0</parameter>
#                    <frequencies id="estimatedFreqs.s:47" spec="beast.evolution.substitutionmodel.Frequencies">
#                        <parameter dimension="4" id="freqParameter.s:47" lower="0.0" name="frequencies" upper="1.0">0.25</parameter>
#                    </frequencies>
#                </substModel>
#            </siteModel>
#            <branchRateModel id="StrictClock.c:47" spec="beast.evolution.branchratemodel.StrictClockModel">
#                <parameter estimate="false" id="clockRate.c:47" name="clock.rate">1.0</parameter>
#            </branchRateModel>
#        </distribution>
#    </distribution>
#</input>
#
Sample	posterior	likelihood	prior	treeLikelihood	TreeHeight	YuleModel	birthRate	mutationRate	freqParameter.1	freqParameter.2	freqParameter.3	freqParameter.4	freqParameter.1	freqParameter.2	freqParameter.3	freqParameter.4	
0	-5816.323112273953	-5806.772757102596	-9.550355171356061	-5806.772757102596	3.414143320647871	-9.550355171356061	1.0	1.0	0.25	0.25	0.25	0.25	0.25	0.25	0.25	0.25	
1	-5816.323112273953	-5806.772757102596	-9.550355171356061	-5806.772757102596	3.414143320647871	-9.550355171356061	1.0	1.0	0.25	0.25	0.25	0.25	0.25	0.25	0.25	0.25	
2	-5816.323112273953	-5806.772757102596	-9.550355171356061	-5806.772757102596	3.414143320647871	-9.550355171356061	1.0	1.0	0.25	0.25	0.25	0.25	0.25	0.25	0.25	0.25	
3	-5816.323112273953	-5806.772757102596	-9.550355171356061	-5806.772757102596	3.414143320647871	-9.550355171356061	1.0	1.0	0.25	0.25	0.25	0.25	0.25	0.25	0.25	0.25	
4	-5816.323112273953	-5806.772757102596	-9.550355171356061	-5806.772757102596	3.414143320647871	-9.550355171356061	1.0	1.0	0.25	0.25	0.25	0.25	0.25	0.25	0.25	0.25	
