Running GARLI Version 2.01.1067 (18 May 2012)
->Single processor version for 64-bit OS<-
##############################################################
 This is GARLI 2.0, the first "official" release including 
          partitioned models.  It is a merging of
   official release 1.0 and beta version GARLI-PART 0.97
  Briefly, it includes models for nucleotides, amino acids,
 codons, and morphology-like characters, any of which can be 
  mixed together and applied to different subsets of data.

    General program usage is extensively documented here:
            http://www.nescent.org/wg/garli/
      see this page for details on partitioned usage:
  http://www.nescent.org/wg/garli/Partition_testing_version
   and this page for details on Mkv mophology model usage:
    http://www.nescent.org/wg/garli/Mkv_morphology_model
         PLEASE LET ME KNOW OF ANY PROBLEMS AT:
                garli.support@gmail.com
##############################################################
Compiled May  8 2015 10:49:00 using GNU gcc compiler version 4.8.2
Using NCL version 2.1.17

#######################################################
Reading config file garli_47_602611595.conf
###################################################
READING OF DATA
Attempting to read data file in Nexus format (using NCL):
	47.nex ...
Reading DATA block... successful

###################################################
PARTITIONING OF DATA AND MODELS
GARLI data subset 1
	CHARACTERS block #1 ("Untitled DATA Block 1")
	Data read as Nucleotide data,
	modeled as Nucleotide data
	Summary of data:
	  26 sequences.
	  725 constant characters.
	  41 parsimony-informative characters.
	  52 uninformative variable characters.
	  1 characters were completely missing or ambiguous (removed).
	  818 total characters (819 before removing empty columns).
	  150 unique patterns in compressed data matrix.
	Pattern processing required < 1 second


###################################################
NOTE: Unlike many programs, the amount of system memory that Garli will
use can be controlled by the user.
(This comes from the availablememory setting in the configuration file.
Availablememory should NOT be set to more than the actual amount of 
physical memory that your computer has installed)

For this dataset:
 Mem level		availablememory setting
  great			    >= 1 MB
  good			approx 0 MB to 1 MB
  low			approx 0 MB to 1 MB
  very low		approx 0 MB to 1 MB
the minimum required availablememory is 1 MB

You specified that Garli should use at most 512.0 MB of memory.

Garli will actually use approx. 1.9 MB of memory
**Your memory level is: great (you don't need to change anything)**

#######################################################
Found outgroup specification:  1

#######################################################
STARTING RUN

>>>Search rep 1 (of 2)<<<
MODEL REPORT - Parameters are at their INITIAL values (not yet optimized)
Model 1
  Number of states = 4 (nucleotide data)
  Nucleotide Relative Rate Matrix:     2 rates (transition and transversion) K param = 4.0000 (ti/tv = 2.0181)
  Equilibrium State Frequencies: estimated
    (ACGT) 0.2017 0.2137 0.2121 0.3725 
  Rate Heterogeneity Model:
    only an invariant (invariable) site category, proportion estimated
    0.2216

Starting with seed=449181

creating likelihood stepwise addition starting tree...
number of taxa added:
 4  5  6  7  8  9  10  11  12  13  14 
Optimizing parameters... improved 9.073 lnL
Optimizing branchlengths... improved 5.738 lnL
 15  16  17  18  19  20  21  22  23  24  25  26 
Initial ln Likelihood: -1769.8063
optimizing: starting branch lengths, prop. invar, rel rates, eq freqs...
pass 1:+    2.257 (branch=   2.22 scale=  0.00 freqs=  0.04 rel rates=  0.00 pinv=  0.00)
pass 2:+    0.035 (branch=   0.00 scale=  0.00 freqs=  0.03 rel rates=  0.00 pinv=  0.00)
lnL after optimization: -1767.5146
gen      current_lnL    precision  last_tree_imp  
0        -1767.5146       0.500           0 
Optimization precision reduced 
   Optimizing parameters...    improved    0.253 lnL
   Optimizing branchlengths... improved    0.000 lnL
Optimization precision reduced 
   Optimizing parameters...    improved    0.002 lnL
   Optimizing branchlengths... improved    0.000 lnL
Optimization precision reduced 
   Optimizing parameters...    improved    0.000 lnL
   Optimizing branchlengths... improved    0.000 lnL
Optimization precision reduced 
   Optimizing parameters...    improved    0.000 lnL
   Optimizing branchlengths... improved    0.000 lnL
Optimization precision reduced 
   Optimizing parameters...    improved    0.000 lnL
   Optimizing branchlengths... improved    0.000 lnL
Optimization precision reduced 
   Optimizing parameters...    improved    0.000 lnL
   Optimizing branchlengths... improved    0.000 lnL
Optimization precision reduced 
   Optimizing parameters...    improved    0.000 lnL
   Optimizing branchlengths... improved    0.000 lnL
Optimization precision reduced 
   Optimizing parameters...    improved    0.000 lnL
   Optimizing branchlengths... improved    0.000 lnL
Optimization precision reduced 
   Optimizing parameters...    improved    0.000 lnL
   Optimizing branchlengths... improved    0.000 lnL
Optimization precision reduced 
   Optimizing parameters...    improved    0.000 lnL
   Optimizing branchlengths... improved    0.000 lnL
   Optimizing parameters...    improved    0.000 lnL
   Optimizing branchlengths... improved    0.000 lnL
   Optimizing parameters...    improved    0.000 lnL
   Optimizing branchlengths... improved    0.000 lnL
   Optimizing parameters...    improved    0.000 lnL
   Optimizing branchlengths... improved    0.000 lnL
Reached termination condition!
last topological improvement at gen 3874
Improvement over last 500 gen = 0.00000
Current score = -1760.6701
Performing final optimizations...
pass 1 : -1760.6701   (branch= 0.0000  pinv= 0.0000  eq freqs= 0.0000  rel rates= 0.0000)
pass 2 : -1760.6701   (branch= 0.0000  pinv= 0.0000  eq freqs= 0.0000  rel rates= 0.0000)
pass 3 : -1760.6701   (branch= 0.0000  pinv= 0.0000  eq freqs= 0.0000  rel rates= 0.0000)
pass 4 : -1760.6701   (branch= 0.0000  pinv= 0.0000  eq freqs= 0.0000  rel rates= 0.0000)
pass 5 : -1760.6701   (branch= 0.0000  pinv= 0.0000  eq freqs= 0.0000  rel rates= 0.0000)
pass 6 : -1760.6701   (branch= 0.0000  pinv= 0.0000  eq freqs= 0.0000  rel rates= 0.0000)
pass 7 : -1760.6701   (branch= 0.0000  pinv= 0.0000  eq freqs= 0.0000  rel rates= 0.0000)
pass 8 : -1760.6701   (branch= 0.0000  pinv= 0.0000  eq freqs= 0.0000  rel rates= 0.0000)
pass 9 : -1760.6701   (branch= 0.0000  pinv= 0.0000  eq freqs= 0.0000  rel rates= 0.0000)
pass 10: -1760.6701   (branch= 0.0000  pinv= 0.0000  eq freqs= 0.0000  rel rates= 0.0000)
pass 11: -1760.6701   (branch= 0.0000  pinv= 0.0000  eq freqs= 0.0000  rel rates= 0.0000)
Looking for minimum length branches...
Final score = -1760.6701
Time used so far = 0 hours, 0 minutes and 44 seconds

MODEL REPORT - Parameter values are FINAL
Model 1
  Number of states = 4 (nucleotide data)
  Nucleotide Relative Rate Matrix:     2 rates (transition and transversion) K param = 3.6043 (ti/tv = 1.8282)
  Equilibrium State Frequencies: estimated
    (ACGT) 0.2047 0.2199 0.2122 0.3632 
  Rate Heterogeneity Model:
    only an invariant (invariable) site category, proportion estimated
    0.3007

NOTE: Collapsing of minimum length branches was requested (collapsebranches = 1)
    10 branches were collapsed.

>>>Completed Search rep 1 (of 2)<<<

>>>Search rep 2 (of 2)<<<
MODEL REPORT - Parameters are at their INITIAL values (not yet optimized)
Model 1
  Number of states = 4 (nucleotide data)
  Nucleotide Relative Rate Matrix:     2 rates (transition and transversion) K param = 4.0000 (ti/tv = 2.0181)
  Equilibrium State Frequencies: estimated
    (ACGT) 0.2017 0.2137 0.2121 0.3725 
  Rate Heterogeneity Model:
    only an invariant (invariable) site category, proportion estimated
    0.2216

Starting with seed=560024112

creating likelihood stepwise addition starting tree...
number of taxa added:
 4  5  6  7  8  9  10  11  12  13  14 
Optimizing parameters... improved 5.194 lnL
Optimizing branchlengths... improved 1.546 lnL
 15  16  17  18  19  20  21  22  23  24  25  26 
Initial ln Likelihood: -1805.9524
optimizing: starting branch lengths, prop. invar, rel rates, eq freqs...
pass 1:+   10.169 (branch=   1.44 scale=  0.75 freqs=  0.06 rel rates=  0.00 pinv=  7.93)
pass 2:+    1.812 (branch=   0.54 scale=  0.00 freqs=  0.05 rel rates=  0.00 pinv=  1.22)
pass 3:+    0.163 (branch=   0.11 scale=  0.00 freqs=  0.05 rel rates=  0.00 pinv=  0.01)
lnL after optimization: -1793.8090
gen      current_lnL    precision  last_tree_imp  
0        -1793.8090       0.500           0 
Optimization precision reduced 
   Optimizing parameters...    improved    0.002 lnL
   Optimizing branchlengths... improved    0.000 lnL
Optimization precision reduced 
   Optimizing parameters...    improved    0.000 lnL
   Optimizing branchlengths... improved    0.000 lnL
Optimization precision reduced 
   Optimizing parameters...    improved    0.000 lnL
   Optimizing branchlengths... improved    0.000 lnL
Optimization precision reduced 
   Optimizing parameters...    improved    0.000 lnL
   Optimizing branchlengths... improved    0.000 lnL
Optimization precision reduced 
   Optimizing parameters...    improved    0.000 lnL
   Optimizing branchlengths... improved    0.000 lnL
Optimization precision reduced 
   Optimizing parameters...    improved    0.000 lnL
   Optimizing branchlengths... improved    0.000 lnL
Optimization precision reduced 
   Optimizing parameters...    improved    0.000 lnL
   Optimizing branchlengths... improved    0.000 lnL
Optimization precision reduced 
   Optimizing parameters...    improved    0.000 lnL
   Optimizing branchlengths... improved    0.000 lnL
Optimization precision reduced 
   Optimizing parameters...    improved    0.000 lnL
   Optimizing branchlengths... improved    0.000 lnL
Optimization precision reduced 
   Optimizing parameters...    improved    0.000 lnL
   Optimizing branchlengths... improved    0.000 lnL
   Optimizing parameters...    improved    0.000 lnL
   Optimizing branchlengths... improved    0.000 lnL
   Optimizing parameters...    improved    0.000 lnL
   Optimizing branchlengths... improved    0.000 lnL
   Optimizing parameters...    improved    0.000 lnL
   Optimizing branchlengths... improved    0.000 lnL
Reached termination condition!
last topological improvement at gen 4005
Improvement over last 500 gen = 0.00000
Current score = -1760.6701
Performing final optimizations...
pass 1 : -1760.6701   (branch= 0.0000  pinv= 0.0000  eq freqs= 0.0000  rel rates= 0.0000)
pass 2 : -1760.6701   (branch= 0.0000  pinv= 0.0000  eq freqs= 0.0000  rel rates= 0.0000)
pass 3 : -1760.6701   (branch= 0.0000  pinv= 0.0000  eq freqs= 0.0000  rel rates= 0.0000)
pass 4 : -1760.6701   (branch= 0.0000  pinv= 0.0000  eq freqs= 0.0000  rel rates= 0.0000)
pass 5 : -1760.6701   (branch= 0.0000  pinv= 0.0000  eq freqs= 0.0000  rel rates= 0.0000)
pass 6 : -1760.6701   (branch= 0.0000  pinv= 0.0000  eq freqs= 0.0000  rel rates= 0.0000)
pass 7 : -1760.6701   (branch= 0.0000  pinv= 0.0000  eq freqs= 0.0000  rel rates= 0.0000)
pass 8 : -1760.6701   (branch= 0.0000  pinv= 0.0000  eq freqs= 0.0000  rel rates= 0.0000)
pass 9 : -1760.6701   (branch= 0.0000  pinv= 0.0000  eq freqs= 0.0000  rel rates= 0.0000)
pass 10: -1760.6701   (branch= 0.0000  pinv= 0.0000  eq freqs= 0.0000  rel rates= 0.0000)
Looking for minimum length branches...
Final score = -1760.6701
Time used = 0 hours, 1 minutes and 28 seconds

MODEL REPORT - Parameter values are FINAL
Model 1
  Number of states = 4 (nucleotide data)
  Nucleotide Relative Rate Matrix:     2 rates (transition and transversion) K param = 3.6041 (ti/tv = 1.8281)
  Equilibrium State Frequencies: estimated
    (ACGT) 0.2047 0.2199 0.2122 0.3632 
  Rate Heterogeneity Model:
    only an invariant (invariable) site category, proportion estimated
    0.3006

NOTE: Collapsing of minimum length branches was requested (collapsebranches = 1)
    10 branches were collapsed.

>>>Completed Search rep 2 (of 2)<<<

#######################################################

Completed 2 replicate search(es) (of 2).

NOTE: Unless the following output indicates that search replicates found the
	same topology, you should assume that they found different topologies.
Results:
Replicate 1 : -1760.6701       
Replicate 2 : -1760.6701 (best)

Parameter estimates across search replicates:
         r(AC)  r(AG)  r(AT)  r(CG)  r(CT)  r(GT) pi(A) pi(C) pi(G) pi(T)  pinv
rep 1:       1  3.604      1      1  3.604      1 0.205 0.220 0.212 0.363 0.301
rep 2:       1  3.604      1      1  3.604      1 0.205 0.220 0.212 0.363 0.301

Treelengths:
          TL 
rep 1:  0.153
rep 2:  0.153

Saving final trees from all search reps to 47_602611595.best.all.tre

Saving final tree from best search rep (#2) to 47_602611595.best.tre
#######################################################
