PHYML(2)>
PHYML(2)>
PHYML(2)>
PHYML(2)>
PHYML(2)>
PHYML(2)>
PHYML(2)>                                 ..........................                                      
PHYML(2)> ooooooooooooooooooooooooooooo        CURRENT SETTINGS        ooooooooooooooooooooooooooooooooooo
PHYML(2)>                                 ..........................                                      
PHYML(2)>
PHYML(2)>                . Sequence filename:				 G:\Cygwin\tmp\jmodeltest5393911590629548541.phy
PHYML(2)>                . Data type:					 dna
PHYML(2)>                . Alphabet size:				 4
PHYML(2)>                . Sequence format:				 interleaved
PHYML(2)>                . Number of data sets:				 1
PHYML(2)>                . Nb of bootstrapped data sets:			 0
PHYML(2)>                . Model name:					 Custom
PHYML(2)>                . Proportion of invariable sites:		 0.000000
PHYML(2)>                . Number of subst. rate categs:			 1
PHYML(2)>                . Nucleotide equilibrium frequencies:		 user-defined
PHYML(2)>                . Optimise tree topology:			 no
PHYML(2)>                . Evaluated tree:				 file "BioNJ"
PHYML(2)>                . Optimise branch lengths:			 yes
PHYML(2)>                . Optimise substitution model parameters:	 yes
PHYML(2)>                . Run ID:					 JC
PHYML(2)>                . Random seed:					 1407530464
PHYML(2)>                . Subtree patterns aliasing:			 no
PHYML(2)>                . Version:					 20130103
PHYML(2)>
PHYML(2)> oooooooooooooooooooooooooooooooooooooooooooooooooooooooooooooooooooooooooooooooooooooooooooooooo
PHYML(2)>
PHYML(2)>
PHYML(2)>
PHYML(2)>. 151 patterns found (out of a total of 819 sites). 
PHYML(2)>
PHYML(2)>. 724 sites without polymorphism (88.40%).
PHYML(2)>
PHYML(2)>. Computing pairwise distances...
PHYML(2)>
PHYML(2)>. Building BioNJ tree...
PHYML(2)>. (    0 sec) [     -1828.4950] [Branch lengths     ]
PHYML(2)>. (    0 sec) [     -1815.4450] [Branch lengths     ]
PHYML(2)>. (    0 sec) [     -1815.0911] [Branch lengths     ]
PHYML(2)>. (    0 sec) [     -1815.0843] [Branch lengths     ]
PHYML(2)>
PHYML(2)>. Log likelihood of the current tree: -1815.084272.
PHYML(2)>
PHYML(2)>. Printing the most likely tree in file 'G:\Cygwin\tmp\jmodeltest5393911590629548541.phy_phyml_tree_JC.txt'...
PHYML(2)>
PHYML(2)>. Time used 0h0m0s
PHYML(2)>
PHYML(2)>oooooooooooooooooooooooooooooooooooooooooooooooooooooooooooooooooooooooooooooooooooooooooooooooo
 
Command line used for process 2:
    G:\Documents\Carstens\jmodeltest-2.1.5\exe\phyml\PhyML_3.0_win32.exe  -i G:\Documents\Carstens\Pipeline_Analysis\47.nex -d nt -n 1 -b 0 --run_id JC -m 000000 -f 0.25,0.25,0.25,0.25 -c 1 --no_memory_check -o lr
 
PHYML(4)>
PHYML(4)>
PHYML(4)>
PHYML(4)>
PHYML(4)>
PHYML(4)>
PHYML(4)>                                 ..........................                                      
PHYML(4)> ooooooooooooooooooooooooooooo        CURRENT SETTINGS        ooooooooooooooooooooooooooooooooooo
PHYML(4)>                                 ..........................                                      
PHYML(4)>
PHYML(4)>                . Sequence filename:				 G:\Cygwin\tmp\jmodeltest5393911590629548541.phy
PHYML(4)>                . Data type:					 dna
PHYML(4)>                . Alphabet size:				 4
PHYML(4)>                . Sequence format:				 interleaved
PHYML(4)>                . Number of data sets:				 1
PHYML(4)>                . Nb of bootstrapped data sets:			 0
PHYML(4)>                . Model name:					 Custom
PHYML(4)>                . Proportion of invariable sites:		 estimated
PHYML(4)>                . Number of subst. rate categs:			 4
PHYML(4)>                . Gamma distribution parameter:			 estimated
PHYML(4)>                . 'Middle' of each rate class:			 mean
PHYML(4)>                . Nucleotide equilibrium frequencies:		 ML
PHYML(4)>                . Optimise tree topology:			 no
PHYML(4)>                . Evaluated tree:				 file "user tree (G:\Cygwin\tmp\jmodeltest2720193864890635595.tree)"
PHYML(4)>                . Optimise branch lengths:			 yes
PHYML(4)>                . Optimise substitution model parameters:	 yes
PHYML(4)>                . Run ID:					 F81+I+G
PHYML(4)>                . Random seed:					 1407530464
PHYML(4)>                . Subtree patterns aliasing:			 no
PHYML(4)>                . Version:					 20130103
PHYML(4)>
PHYML(4)> oooooooooooooooooooooooooooooooooooooooooooooooooooooooooooooooooooooooooooooooooooooooooooooooo
PHYML(4)>
PHYML(4)>
PHYML(4)>
PHYML(4)>. 151 patterns found (out of a total of 819 sites). 
PHYML(4)>
PHYML(4)>. 724 sites without polymorphism (88.40%).
PHYML(4)>
PHYML(4)>. Reading tree...
PHYML(4)>
PHYML(4)>. This analysis requires at least 2 Mo of memory space.
PHYML(4)>
PHYML(4)>. (    0 sec) [     -1785.6785] [Branch lengths     ]
PHYML(4)>. (    1 sec) [     -1784.8210] [Alpha              ][  1.334968]
PHYML(4)>. (    1 sec) [     -1784.8210] [P-inv              ][  0.063766]
PHYML(4)>. (    2 sec) [     -1784.4897] [Nucleotide freqs.  ]
PHYML(4)>. (    2 sec) [     -1784.4897] [Branch lengths     ]
PHYML(4)>. (    3 sec) [     -1784.3440] [Alpha              ][  1.272048]
PHYML(4)>. (    3 sec) [     -1784.3440] [P-inv              ][  0.001000]
PHYML(4)>. (    3 sec) [     -1784.3439] [Nucleotide freqs.  ]
PHYML(4)>. (    3 sec) [     -1784.3439] [Branch lengths     ]
PHYML(4)>. (    4 sec) [     -1784.3420] [Alpha              ][  1.272178]
PHYML(4)>. (    4 sec) [     -1784.3420] [P-inv              ][  0.000100]
PHYML(4)>. (    4 sec) [     -1784.3420] [Nucleotide freqs.  ]
PHYML(4)>. (    4 sec) [     -1784.3420] [Branch lengths     ]
PHYML(4)>. (    4 sec) [     -1784.3420] [Alpha              ][  1.272178]
PHYML(4)>. (    4 sec) [     -1784.3420] [P-inv              ][  0.000100]
PHYML(4)>. (    4 sec) [     -1784.3420] [Nucleotide freqs.  ]
PHYML(4)>. (    5 sec) [     -1784.3420] [Alpha              ][  1.272178]
PHYML(4)>. (    5 sec) [     -1784.3420] [P-inv              ][  0.000100]
PHYML(4)>. (    5 sec) [     -1784.3420] [Nucleotide freqs.  ]
PHYML(4)>
PHYML(4)>. Log likelihood of the current tree: -1784.341953.
PHYML(4)>
PHYML(4)>. Printing the most likely tree in file 'G:\Cygwin\tmp\jmodeltest5393911590629548541.phy_phyml_tree_F81+I+G.txt'...
PHYML(4)>
PHYML(4)>. Time used 0h0m5s
PHYML(4)>
PHYML(4)>oooooooooooooooooooooooooooooooooooooooooooooooooooooooooooooooooooooooooooooooooooooooooooooooo
 
Command line used for process 4:
    G:\Documents\Carstens\jmodeltest-2.1.5\exe\phyml\PhyML_3.0_win32.exe  -i G:\Documents\Carstens\Pipeline_Analysis\47.nex -d nt -n 1 -b 0 --run_id F81+I+G -m 000000 -f m -v e -c 4 -a e --no_memory_check -u G:\Cygwin\tmp\jmodeltest2720193864890635595.tree -o lr
 
PHYML(6)>
PHYML(6)>
PHYML(6)>
PHYML(6)>
PHYML(6)>
PHYML(6)>
PHYML(6)>                                 ..........................                                      
PHYML(6)> ooooooooooooooooooooooooooooo        CURRENT SETTINGS        ooooooooooooooooooooooooooooooooooo
PHYML(6)>                                 ..........................                                      
PHYML(6)>
PHYML(6)>                . Sequence filename:				 G:\Cygwin\tmp\jmodeltest5393911590629548541.phy
PHYML(6)>                . Data type:					 dna
PHYML(6)>                . Alphabet size:				 4
PHYML(6)>                . Sequence format:				 interleaved
PHYML(6)>                . Number of data sets:				 1
PHYML(6)>                . Nb of bootstrapped data sets:			 0
PHYML(6)>                . Model name:					 Custom
PHYML(6)>                . Proportion of invariable sites:		 estimated
PHYML(6)>                . Number of subst. rate categs:			 4
PHYML(6)>                . Gamma distribution parameter:			 estimated
PHYML(6)>                . 'Middle' of each rate class:			 mean
PHYML(6)>                . Nucleotide equilibrium frequencies:		 ML
PHYML(6)>                . Optimise tree topology:			 no
PHYML(6)>                . Evaluated tree:				 file "user tree (G:\Cygwin\tmp\jmodeltest2720193864890635595.tree)"
PHYML(6)>                . Optimise branch lengths:			 yes
PHYML(6)>                . Optimise substitution model parameters:	 yes
PHYML(6)>                . Run ID:					 HKY+I+G
PHYML(6)>                . Random seed:					 1407530469
PHYML(6)>                . Subtree patterns aliasing:			 no
PHYML(6)>                . Version:					 20130103
PHYML(6)>
PHYML(6)> oooooooooooooooooooooooooooooooooooooooooooooooooooooooooooooooooooooooooooooooooooooooooooooooo
PHYML(6)>
PHYML(6)>
PHYML(6)>
PHYML(6)>. 151 patterns found (out of a total of 819 sites). 
PHYML(6)>
PHYML(6)>. 724 sites without polymorphism (88.40%).
PHYML(6)>
PHYML(6)>. Reading tree...
PHYML(6)>
PHYML(6)>. This analysis requires at least 2 Mo of memory space.
PHYML(6)>
PHYML(6)>. (    0 sec) [     -1785.6785] [Branch lengths     ]
PHYML(6)>. (    0 sec) [     -1771.1572] [GTR parameters     ]
PHYML(6)>. (    1 sec) [     -1770.2884] [Alpha              ][  1.390689]
PHYML(6)>. (    1 sec) [     -1770.2884] [P-inv              ][  0.067475]
PHYML(6)>. (    1 sec) [     -1770.0410] [Nucleotide freqs.  ]
PHYML(6)>. (    1 sec) [     -1770.0410] [Branch lengths     ]
PHYML(6)>. (    1 sec) [     -1769.3945] [GTR parameters     ]
PHYML(6)>. (    2 sec) [     -1769.2422] [Alpha              ][  1.317844]
PHYML(6)>. (    2 sec) [     -1769.2422] [P-inv              ][  0.001000]
PHYML(6)>. (    3 sec) [     -1769.2420] [Nucleotide freqs.  ]
PHYML(6)>. (    3 sec) [     -1769.2420] [Branch lengths     ]
PHYML(6)>. (    3 sec) [     -1764.1347] [GTR parameters     ]
PHYML(6)>. (    3 sec) [     -1764.1265] [Alpha              ][  1.201009]
PHYML(6)>. (    3 sec) [     -1764.1265] [P-inv              ][  0.000100]
PHYML(6)>. (    3 sec) [     -1764.1095] [Nucleotide freqs.  ]
PHYML(6)>. (    3 sec) [     -1764.1095] [Branch lengths     ]
PHYML(6)>. (    3 sec) [     -1764.1094] [GTR parameters     ]
PHYML(6)>. (    4 sec) [     -1764.1094] [Alpha              ][  1.206260]
PHYML(6)>. (    4 sec) [     -1764.1094] [P-inv              ][  0.000100]
PHYML(6)>. (    4 sec) [     -1764.1094] [Nucleotide freqs.  ]
PHYML(6)>. (    4 sec) [     -1764.1094] [GTR parameters     ]
PHYML(6)>. (    4 sec) [     -1764.1094] [Alpha              ][  1.206260]
PHYML(6)>. (    4 sec) [     -1764.1094] [P-inv              ][  0.000100]
PHYML(6)>. (    4 sec) [     -1764.1094] [Nucleotide freqs.  ]
PHYML(6)>
PHYML(6)>. Log likelihood of the current tree: -1764.109434.
PHYML(6)>
PHYML(6)>. Printing the most likely tree in file 'G:\Cygwin\tmp\jmodeltest5393911590629548541.phy_phyml_tree_HKY+I+G.txt'...
PHYML(6)>
PHYML(6)>. Time used 0h0m4s
PHYML(6)>
PHYML(6)>oooooooooooooooooooooooooooooooooooooooooooooooooooooooooooooooooooooooooooooooooooooooooooooooo
 
Command line used for process 6:
    G:\Documents\Carstens\jmodeltest-2.1.5\exe\phyml\PhyML_3.0_win32.exe  -i G:\Documents\Carstens\Pipeline_Analysis\47.nex -d nt -n 1 -b 0 --run_id HKY+I+G -m 010010 -f m -v e -c 4 -a e --no_memory_check -u G:\Cygwin\tmp\jmodeltest2720193864890635595.tree -o lr
 
PHYML(8)>
PHYML(8)>
PHYML(8)>
PHYML(8)>
PHYML(8)>
PHYML(8)>
PHYML(8)>                                 ..........................                                      
PHYML(8)> ooooooooooooooooooooooooooooo        CURRENT SETTINGS        ooooooooooooooooooooooooooooooooooo
PHYML(8)>                                 ..........................                                      
PHYML(8)>
PHYML(8)>                . Sequence filename:				 G:\Cygwin\tmp\jmodeltest5393911590629548541.phy
PHYML(8)>                . Data type:					 dna
PHYML(8)>                . Alphabet size:				 4
PHYML(8)>                . Sequence format:				 interleaved
PHYML(8)>                . Number of data sets:				 1
PHYML(8)>                . Nb of bootstrapped data sets:			 0
PHYML(8)>                . Model name:					 Custom
PHYML(8)>                . Proportion of invariable sites:		 estimated
PHYML(8)>                . Number of subst. rate categs:			 4
PHYML(8)>                . Gamma distribution parameter:			 estimated
PHYML(8)>                . 'Middle' of each rate class:			 mean
PHYML(8)>                . Nucleotide equilibrium frequencies:		 ML
PHYML(8)>                . Optimise tree topology:			 no
PHYML(8)>                . Evaluated tree:				 file "user tree (G:\Cygwin\tmp\jmodeltest2720193864890635595.tree)"
PHYML(8)>                . Optimise branch lengths:			 yes
PHYML(8)>                . Optimise substitution model parameters:	 yes
PHYML(8)>                . Run ID:					 TrN+I+G
PHYML(8)>                . Random seed:					 1407530473
PHYML(8)>                . Subtree patterns aliasing:			 no
PHYML(8)>                . Version:					 20130103
PHYML(8)>
PHYML(8)> oooooooooooooooooooooooooooooooooooooooooooooooooooooooooooooooooooooooooooooooooooooooooooooooo
PHYML(8)>
PHYML(8)>
PHYML(8)>
PHYML(8)>. 151 patterns found (out of a total of 819 sites). 
PHYML(8)>
PHYML(8)>. 724 sites without polymorphism (88.40%).
PHYML(8)>
PHYML(8)>. Reading tree...
PHYML(8)>
PHYML(8)>. This analysis requires at least 2 Mo of memory space.
PHYML(8)>
PHYML(8)>. (    0 sec) [     -1785.6785] [Branch lengths     ]
PHYML(8)>. (    0 sec) [     -1778.7443] [GTR parameters     ]
PHYML(8)>. (    2 sec) [     -1777.8784] [Alpha              ][  1.385090]
PHYML(8)>. (    2 sec) [     -1777.8784] [P-inv              ][  0.067556]
PHYML(8)>. (    2 sec) [     -1777.5807] [Nucleotide freqs.  ]
PHYML(8)>. (    2 sec) [     -1777.5807] [Branch lengths     ]
PHYML(8)>. (    2 sec) [     -1763.4612] [GTR parameters     ]
PHYML(8)>. (    3 sec) [     -1763.3083] [Alpha              ][  1.284945]
PHYML(8)>. (    3 sec) [     -1763.3083] [P-inv              ][  0.001000]
PHYML(8)>. (    3 sec) [     -1763.2950] [Nucleotide freqs.  ]
PHYML(8)>. (    3 sec) [     -1763.2950] [Branch lengths     ]
PHYML(8)>. (    3 sec) [     -1763.2947] [GTR parameters     ]
PHYML(8)>. (    4 sec) [     -1763.2928] [Alpha              ][  1.275495]
PHYML(8)>. (    4 sec) [     -1763.2928] [P-inv              ][  0.000100]
PHYML(8)>. (    4 sec) [     -1763.2928] [Nucleotide freqs.  ]
PHYML(8)>. (    4 sec) [     -1763.2928] [Branch lengths     ]
PHYML(8)>. (    4 sec) [     -1763.2928] [GTR parameters     ]
PHYML(8)>. (    4 sec) [     -1763.2928] [Alpha              ][  1.275495]
PHYML(8)>. (    4 sec) [     -1763.2928] [P-inv              ][  0.000100]
PHYML(8)>. (    4 sec) [     -1763.2928] [Nucleotide freqs.  ]
PHYML(8)>. (    4 sec) [     -1763.2928] [GTR parameters     ]
PHYML(8)>. (    5 sec) [     -1763.2928] [Alpha              ][  1.275495]
PHYML(8)>. (    5 sec) [     -1763.2928] [P-inv              ][  0.000100]
PHYML(8)>. (    5 sec) [     -1763.2928] [Nucleotide freqs.  ]
PHYML(8)>
PHYML(8)>. Log likelihood of the current tree: -1763.292793.
PHYML(8)>
PHYML(8)>. Printing the most likely tree in file 'G:\Cygwin\tmp\jmodeltest5393911590629548541.phy_phyml_tree_TrN+I+G.txt'...
PHYML(8)>
PHYML(8)>. Time used 0h0m5s
PHYML(8)>
PHYML(8)>oooooooooooooooooooooooooooooooooooooooooooooooooooooooooooooooooooooooooooooooooooooooooooooooo
 
Command line used for process 8:
    G:\Documents\Carstens\jmodeltest-2.1.5\exe\phyml\PhyML_3.0_win32.exe  -i G:\Documents\Carstens\Pipeline_Analysis\47.nex -d nt -n 1 -b 0 --run_id TrN+I+G -m 010020 -f m -v e -c 4 -a e --no_memory_check -u G:\Cygwin\tmp\jmodeltest2720193864890635595.tree -o lr
 
PHYML(10)>
PHYML(10)>
PHYML(10)>
PHYML(10)>
PHYML(10)>
PHYML(10)>
PHYML(10)>                                 ..........................                                      
PHYML(10)> ooooooooooooooooooooooooooooo        CURRENT SETTINGS        ooooooooooooooooooooooooooooooooooo
PHYML(10)>                                 ..........................                                      
PHYML(10)>
PHYML(10)>                . Sequence filename:				 G:\Cygwin\tmp\jmodeltest5393911590629548541.phy
PHYML(10)>                . Data type:					 dna
PHYML(10)>                . Alphabet size:				 4
PHYML(10)>                . Sequence format:				 interleaved
PHYML(10)>                . Number of data sets:				 1
PHYML(10)>                . Nb of bootstrapped data sets:			 0
PHYML(10)>                . Model name:					 Custom
PHYML(10)>                . Proportion of invariable sites:		 estimated
PHYML(10)>                . Number of subst. rate categs:			 4
PHYML(10)>                . Gamma distribution parameter:			 estimated
PHYML(10)>                . 'Middle' of each rate class:			 mean
PHYML(10)>                . Nucleotide equilibrium frequencies:		 ML
PHYML(10)>                . Optimise tree topology:			 no
PHYML(10)>                . Evaluated tree:				 file "user tree (G:\Cygwin\tmp\jmodeltest2720193864890635595.tree)"
PHYML(10)>                . Optimise branch lengths:			 yes
PHYML(10)>                . Optimise substitution model parameters:	 yes
PHYML(10)>                . Run ID:					 TPM1uf+I+G
PHYML(10)>                . Random seed:					 1407530478
PHYML(10)>                . Subtree patterns aliasing:			 no
PHYML(10)>                . Version:					 20130103
PHYML(10)>
PHYML(10)> oooooooooooooooooooooooooooooooooooooooooooooooooooooooooooooooooooooooooooooooooooooooooooooooo
PHYML(10)>
PHYML(10)>
PHYML(10)>
PHYML(10)>. 151 patterns found (out of a total of 819 sites). 
PHYML(10)>
PHYML(10)>. 724 sites without polymorphism (88.40%).
PHYML(10)>
PHYML(10)>. Reading tree...
PHYML(10)>
PHYML(10)>. This analysis requires at least 2 Mo of memory space.
PHYML(10)>
PHYML(10)>. (    0 sec) [     -1785.6785] [Branch lengths     ]
PHYML(10)>. (    0 sec) [     -1769.1467] [GTR parameters     ]
PHYML(10)>. (    1 sec) [     -1768.3013] [Alpha              ][  1.329384]
PHYML(10)>. (    1 sec) [     -1768.3013] [P-inv              ][  0.061627]
PHYML(10)>. (    1 sec) [     -1768.0861] [Nucleotide freqs.  ]
PHYML(10)>. (    1 sec) [     -1768.0861] [Branch lengths     ]
PHYML(10)>. (    2 sec) [     -1763.7874] [GTR parameters     ]
PHYML(10)>. (    3 sec) [     -1763.6532] [Alpha              ][  1.190440]
PHYML(10)>. (    3 sec) [     -1763.6532] [P-inv              ][  0.001000]
PHYML(10)>. (    3 sec) [     -1763.6422] [Nucleotide freqs.  ]
PHYML(10)>. (    3 sec) [     -1763.6422] [Branch lengths     ]
PHYML(10)>. (    3 sec) [     -1763.6422] [GTR parameters     ]
PHYML(10)>. (    3 sec) [     -1763.6401] [Alpha              ][  1.208315]
PHYML(10)>. (    3 sec) [     -1763.6401] [P-inv              ][  0.000100]
PHYML(10)>. (    3 sec) [     -1763.6401] [Nucleotide freqs.  ]
PHYML(10)>. (    3 sec) [     -1763.6401] [Branch lengths     ]
PHYML(10)>. (    4 sec) [     -1763.6401] [GTR parameters     ]
PHYML(10)>. (    4 sec) [     -1763.6401] [Alpha              ][  1.208315]
PHYML(10)>. (    4 sec) [     -1763.6401] [P-inv              ][  0.000100]
PHYML(10)>. (    4 sec) [     -1763.6401] [Nucleotide freqs.  ]
PHYML(10)>. (    4 sec) [     -1763.6401] [GTR parameters     ]
PHYML(10)>. (    4 sec) [     -1763.6401] [Alpha              ][  1.208315]
PHYML(10)>. (    4 sec) [     -1763.6401] [P-inv              ][  0.000100]
PHYML(10)>. (    4 sec) [     -1763.6401] [Nucleotide freqs.  ]
PHYML(10)>
PHYML(10)>. Log likelihood of the current tree: -1763.640141.
PHYML(10)>
PHYML(10)>. Printing the most likely tree in file 'G:\Cygwin\tmp\jmodeltest5393911590629548541.phy_phyml_tree_TPM1uf+I+G.txt'...
PHYML(10)>
PHYML(10)>. Time used 0h0m4s
PHYML(10)>
PHYML(10)>oooooooooooooooooooooooooooooooooooooooooooooooooooooooooooooooooooooooooooooooooooooooooooooooo
 
Command line used for process 10:
    G:\Documents\Carstens\jmodeltest-2.1.5\exe\phyml\PhyML_3.0_win32.exe  -i G:\Documents\Carstens\Pipeline_Analysis\47.nex -d nt -n 1 -b 0 --run_id TPM1uf+I+G -m 012210 -f m -v e -c 4 -a e --no_memory_check -u G:\Cygwin\tmp\jmodeltest2720193864890635595.tree -o lr
 
PHYML(12)>
PHYML(12)>
PHYML(12)>
PHYML(12)>
PHYML(12)>
PHYML(12)>
PHYML(12)>                                 ..........................                                      
PHYML(12)> ooooooooooooooooooooooooooooo        CURRENT SETTINGS        ooooooooooooooooooooooooooooooooooo
PHYML(12)>                                 ..........................                                      
PHYML(12)>
PHYML(12)>                . Sequence filename:				 G:\Cygwin\tmp\jmodeltest5393911590629548541.phy
PHYML(12)>                . Data type:					 dna
PHYML(12)>                . Alphabet size:				 4
PHYML(12)>                . Sequence format:				 interleaved
PHYML(12)>                . Number of data sets:				 1
PHYML(12)>                . Nb of bootstrapped data sets:			 0
PHYML(12)>                . Model name:					 Custom
PHYML(12)>                . Proportion of invariable sites:		 estimated
PHYML(12)>                . Number of subst. rate categs:			 4
PHYML(12)>                . Gamma distribution parameter:			 estimated
PHYML(12)>                . 'Middle' of each rate class:			 mean
PHYML(12)>                . Nucleotide equilibrium frequencies:		 ML
PHYML(12)>                . Optimise tree topology:			 no
PHYML(12)>                . Evaluated tree:				 file "user tree (G:\Cygwin\tmp\jmodeltest2720193864890635595.tree)"
PHYML(12)>                . Optimise branch lengths:			 yes
PHYML(12)>                . Optimise substitution model parameters:	 yes
PHYML(12)>                . Run ID:					 TPM2uf+I+G
PHYML(12)>                . Random seed:					 1407530482
PHYML(12)>                . Subtree patterns aliasing:			 no
PHYML(12)>                . Version:					 20130103
PHYML(12)>
PHYML(12)> oooooooooooooooooooooooooooooooooooooooooooooooooooooooooooooooooooooooooooooooooooooooooooooooo
PHYML(12)>
PHYML(12)>
PHYML(12)>
PHYML(12)>. 151 patterns found (out of a total of 819 sites). 
PHYML(12)>
PHYML(12)>. 724 sites without polymorphism (88.40%).
PHYML(12)>
PHYML(12)>. Reading tree...
PHYML(12)>
PHYML(12)>. This analysis requires at least 2 Mo of memory space.
PHYML(12)>
PHYML(12)>. (    0 sec) [     -1785.6785] [Branch lengths     ]
PHYML(12)>. (    1 sec) [     -1769.5811] [GTR parameters     ]
PHYML(12)>. (    2 sec) [     -1768.7761] [Alpha              ][  1.229904]
PHYML(12)>. (    2 sec) [     -1768.7761] [P-inv              ][  0.051814]
PHYML(12)>. (    2 sec) [     -1768.5582] [Nucleotide freqs.  ]
PHYML(12)>. (    2 sec) [     -1768.5582] [Branch lengths     ]
PHYML(12)>. (    2 sec) [     -1763.5548] [GTR parameters     ]
PHYML(12)>. (    3 sec) [     -1763.4778] [Alpha              ][  1.415402]
PHYML(12)>. (    3 sec) [     -1763.4778] [P-inv              ][  0.022809]
PHYML(12)>. (    3 sec) [     -1763.3905] [Nucleotide freqs.  ]
PHYML(12)>. (    3 sec) [     -1763.3905] [Branch lengths     ]
PHYML(12)>. (    3 sec) [     -1763.3878] [GTR parameters     ]
PHYML(12)>. (    4 sec) [     -1763.3402] [Alpha              ][  1.276234]
PHYML(12)>. (    4 sec) [     -1763.3402] [P-inv              ][  0.000100]
PHYML(12)>. (    4 sec) [     -1763.3401] [Nucleotide freqs.  ]
PHYML(12)>. (    4 sec) [     -1763.3401] [Branch lengths     ]
PHYML(12)>. (    4 sec) [     -1763.3394] [GTR parameters     ]
PHYML(12)>. (    5 sec) [     -1763.3392] [Alpha              ][  1.261251]
PHYML(12)>. (    5 sec) [     -1763.3392] [P-inv              ][  0.000100]
PHYML(12)>. (    5 sec) [     -1763.3392] [Nucleotide freqs.  ]
