Running GARLI Version 2.01.1067 (18 May 2012)
->Single processor version for 64-bit OS<-
##############################################################
 This is GARLI 2.0, the first "official" release including 
          partitioned models.  It is a merging of
   official release 1.0 and beta version GARLI-PART 0.97
  Briefly, it includes models for nucleotides, amino acids,
 codons, and morphology-like characters, any of which can be 
  mixed together and applied to different subsets of data.

    General program usage is extensively documented here:
            http://www.nescent.org/wg/garli/
      see this page for details on partitioned usage:
  http://www.nescent.org/wg/garli/Partition_testing_version
   and this page for details on Mkv mophology model usage:
    http://www.nescent.org/wg/garli/Mkv_morphology_model
         PLEASE LET ME KNOW OF ANY PROBLEMS AT:
                garli.support@gmail.com
##############################################################
Compiled May  8 2015 10:49:00 using GNU gcc compiler version 4.8.2
Using NCL version 2.1.17

#######################################################
Reading config file garli_Adetomyrma_829199546.conf
###################################################
READING OF DATA
Attempting to read data file in Nexus format (using NCL):
	Adetomyrma.nex ...
Reading DATA block... successful

###################################################
PARTITIONING OF DATA AND MODELS
GARLI data subset 1
	CHARACTERS block #1 ("Untitled DATA Block 1")
	Data read as Nucleotide data,
	modeled as Nucleotide data
	Summary of data:
	  92 sequences.
	  366 constant characters.
	  254 parsimony-informative characters.
	  49 uninformative variable characters.
	  232 characters were completely missing or ambiguous (removed).
	  669 total characters (901 before removing empty columns).
	  404 unique patterns in compressed data matrix.
	Pattern processing required < 1 second


###################################################
NOTE: Unlike many programs, the amount of system memory that Garli will
use can be controlled by the user.
(This comes from the availablememory setting in the configuration file.
Availablememory should NOT be set to more than the actual amount of 
physical memory that your computer has installed)

For this dataset:
 Mem level		availablememory setting
  great			    >= 46 MB
  good			approx 45 MB to 30 MB
  low			approx 29 MB to 12 MB
  very low		approx 12 MB to 10 MB
the minimum required availablememory is 10 MB

You specified that Garli should use at most 512.0 MB of memory.

Garli will actually use approx. 68.7 MB of memory
**Your memory level is: great (you don't need to change anything)**

#######################################################
Found outgroup specification:  1

#######################################################
STARTING RUN

>>>Search rep 1 (of 2)<<<
MODEL REPORT - Parameters are at their INITIAL values (not yet optimized)
Model 1
  Number of states = 4 (nucleotide data)
  Nucleotide Relative Rate Matrix: 
    User specified matrix type: (0 1 0 2 3 2) 
    AC = 1.000, AG = 4.000, AT = 1.000, CG = 1.000, CT = 4.000, GT = 1.000
  Equilibrium State Frequencies: estimated
    (ACGT) 0.3072 0.1656 0.1083 0.4188 
  Rate Heterogeneity Model:
    4 discrete gamma distributed rate categories, alpha param estimated
      0.5000
    Substitution rate categories under this model:
      rate	proportion
      0.0334	0.2500
      0.2519	0.2500
      0.8203	0.2500
      2.8944	0.2500

Starting with seed=220553

creating likelihood stepwise addition starting tree...
number of taxa added:
 4  5  6  7  8  9  10  11  12  13  14  15  16  17  18  19  20  21  22  23  24  25  26  27  28  29  30  31  32  33  34  35  36  37  38  39  40  41  42  43  44  45  46  47 
Optimizing parameters... improved 26.885 lnL
Optimizing branchlengths... improved 18.138 lnL
 48  49  50  51  52  53  54  55  56  57  58  59  60  61  62  63  64  65  66  67  68  69  70  71  72  73  74  75  76  77  78  79  80  81  82  83  84  85  86  87  88  89  90  91  92 
Initial ln Likelihood: -5561.4065
optimizing: starting branch lengths, alpha shape, rel rates, eq freqs...
pass 1:+  143.780 (branch= 101.68 scale=  3.10 alpha=  0.00 freqs= 28.19 rel rates= 10.80)
pass 2:+   29.757 (branch=  19.19 scale=  0.65 alpha=  0.00 freqs=  6.17 rel rates=  3.74)
pass 3:+   20.072 (branch=  17.87 scale=  0.00 alpha=  0.00 freqs=  0.08 rel rates=  2.13)
pass 4:+    2.544 (branch=   0.00 scale=  0.00 alpha=  0.00 freqs=  0.22 rel rates=  2.32)
pass 5:+    1.879 (branch=   0.00 scale=  0.00 alpha=  0.00 freqs=  0.14 rel rates=  1.74)
pass 6:+    0.752 (branch=   0.00 scale=  0.00 alpha=  0.00 freqs=  0.19 rel rates=  0.56)
pass 7:+    0.711 (branch=   0.00 scale=  0.00 alpha=  0.01 freqs=  0.12 rel rates=  0.59)
pass 8:+    0.163 (branch=   0.00 scale=  0.00 alpha=  0.00 freqs=  0.15 rel rates=  0.01)
lnL after optimization: -5361.7480
gen      current_lnL    precision  last_tree_imp  
0        -5361.7480       0.500           0 
100      -5334.0428       0.500          94 
200      -5288.2494       0.500         179 
300      -5234.9425       0.500         285 
400      -5113.1311       0.500         400 
500      -5096.8363       0.500         491 
600      -5093.8068       0.500         594 
700      -5086.8039       0.500         684 
800      -5077.3854       0.500         799 
900      -5073.3469       0.500         897 
1000     -5072.3598       0.500         996 
1100     -5020.6101       0.500        1011 
1200     -5019.2215       0.500        1198 
1300     -5018.3240       0.500        1296 
1400     -5017.5763       0.500        1399 
1500     -5016.3554       0.500        1496 
1600     -5016.0495       0.500        1574 
1700     -5015.3000       0.500        1699 
1800     -5014.6223       0.500        1793 
1900     -5013.8220       0.500        1893 
2000     -5013.4507       0.500        1893 
2100     -5012.9318       0.500        2025 
2200     -5012.4606       0.500        2149 
2300     -5012.1507       0.500        2252 
2400     -5011.8052       0.500        2369 
2500     -5011.5640       0.500        2478 
2600     -5011.4711       0.500        2478 
2700     -5011.3024       0.500        2661 
2800     -5011.1020       0.500        2661 
2900     -5010.8335       0.500        2876 
3000     -5010.5804       0.500        2876 
3100     -5010.4000       0.500        3070 
3200     -5010.0264       0.500        3156 
3300     -5009.8316       0.500        3156 
3400     -5009.7118       0.500        3380 
3500     -5009.5849       0.500        3469 
3600     -5009.3570       0.500        3469 
3700     -5009.2579       0.500        3469 
3800     -5009.1446       0.500        3750 
3900     -5009.0149       0.500        3750 
4000     -5008.8506       0.500        3942 
4100     -5008.7997       0.500        4032 
4200     -5008.6800       0.500        4190 
4300     -5008.3988       0.500        4190 
4400     -5008.2960       0.500        4190 
4500     -5008.1263       0.500        4190 
4600     -5008.0791       0.500        4190 
4700     -5008.0460       0.500        4190 
Optimization precision reduced 
   Optimizing parameters...    improved    0.005 lnL
   Optimizing branchlengths... improved    0.052 lnL
4800     -5007.9503       0.451        4778 
4900     -5006.4666       0.451        4886 
5000     -5006.2798       0.451        4901 
5100     -5006.1720       0.451        5076 
5200     -5006.1206       0.451        5076 
5300     -5005.9882       0.451        5076 
5400     -5005.5543       0.451        5309 
5500     -5005.3804       0.451        5462 
5600     -5005.3079       0.451        5549 
5700     -5005.1303       0.451        5549 
5800     -5005.0770       0.451        5549 
5900     -5005.0364       0.451        5549 
6000     -5004.9788       0.451        5549 
6100     -5004.9218       0.451        6028 
6200     -5004.8527       0.451        6028 
6300     -5004.7951       0.451        6028 
6400     -5004.7277       0.451        6028 
6500     -5004.6484       0.451        6473 
6600     -5004.6130       0.451        6587 
6700     -5004.5612       0.451        6660 
6800     -5004.5215       0.451        6729 
6900     -5004.4570       0.451        6729 
7000     -5004.4103       0.451        6729 
7100     -5004.3853       0.451        6729 
7200     -5004.3567       0.451        7157 
7300     -5004.3150       0.451        7157 
7400     -5004.3011       0.451        7157 
7500     -5004.2675       0.451        7157 
7600     -5004.1983       0.451        7157 
7700     -5004.1498       0.451        7653 
7800     -5004.1335       0.451        7653 
7900     -5004.1255       0.451        7653 
8000     -5004.0931       0.451        7940 
8100     -5004.0686       0.451        7940 
8200     -5004.0521       0.451        7940 
8300     -5004.0347       0.451        8226 
8400     -5004.0186       0.451        8226 
8500     -5004.0117       0.451        8226 
8600     -5003.9825       0.451        8592 
8700     -5003.9680       0.451        8592 
8800     -5003.9482       0.451        8722 
8900     -5003.8723       0.451        8875 
9000     -5003.8544       0.451        8875 
9100     -5003.8400       0.451        8875 
9200     -5003.8330       0.451        8875 
9300     -5003.8188       0.451        8875 
9400     -5003.8128       0.451        8875 
Optimization precision reduced 
   Optimizing parameters...    improved    0.001 lnL
   Optimizing branchlengths... improved    0.000 lnL
9500     -5003.7830       0.402        8875 
9600     -5003.7705       0.402        8875 
9700     -5003.7520       0.402        8875 
9800     -5003.7447       0.402        8875 
9900     -5003.7275       0.402        8875 
Optimization precision reduced 
   Optimizing parameters...    improved    0.000 lnL
   Optimizing branchlengths... improved    0.000 lnL
10000    -5003.6945       0.353        8875 
10100    -5003.6610       0.353        8875 
10200    -5003.6573       0.353        8875 
10300    -5003.6345       0.353        8875 
10400    -5003.6150       0.353        8875 
Optimization precision reduced 
   Optimizing parameters...    improved    0.000 lnL
   Optimizing branchlengths... improved    0.000 lnL
10500    -5003.4409       0.304       10432 
10600    -5003.4087       0.304       10432 
10700    -5003.3864       0.304       10432 
10800    -5003.3770       0.304       10432 
10900    -5003.3718       0.304       10432 
11000    -5003.3541       0.304       10432 
Optimization precision reduced 
   Optimizing parameters...    improved    0.000 lnL
   Optimizing branchlengths... improved    0.000 lnL
11100    -5003.2721       0.255       10432 
11200    -5003.2303       0.255       10432 
11300    -5003.1054       0.255       10432 
11400    -5003.0577       0.255       10432 
11500    -5003.0017       0.255       10432 
Optimization precision reduced 
   Optimizing parameters...    improved    0.008 lnL
   Optimizing branchlengths... improved    0.000 lnL
11600    -5002.9810       0.206       10432 
11700    -5002.9671       0.206       10432 
11800    -5002.8660       0.206       10432 
11900    -5002.8573       0.206       10432 
12000    -5002.8375       0.206       10432 
Optimization precision reduced 
   Optimizing parameters...    improved    0.005 lnL
   Optimizing branchlengths... improved    0.000 lnL
12100    -5002.7116       0.157       12087 
12200    -5002.6988       0.157       12087 
12300    -5002.6788       0.157       12087 
12400    -5002.5850       0.157       12344 
12500    -5002.5709       0.157       12344 
12600    -5002.5526       0.157       12579 
12700    -5002.5415       0.157       12579 
12800    -5002.5151       0.157       12579 
12900    -5002.5055       0.157       12579 
13000    -5002.4872       0.157       12579 
13100    -5002.4747       0.157       12579 
Optimization precision reduced 
   Optimizing parameters...    improved    0.003 lnL
   Optimizing branchlengths... improved    0.000 lnL
13200    -5002.4664       0.108       12579 
13300    -5002.4573       0.108       12579 
13400    -5002.4438       0.108       12579 
13500    -5002.4310       0.108       12579 
13600    -5002.4191       0.108       12579 
Optimization precision reduced 
   Optimizing parameters...    improved    0.001 lnL
   Optimizing branchlengths... improved    0.125 lnL
13700    -5002.2899       0.059       12579 
13800    -5002.2738       0.059       12579 
13900    -5002.2621       0.059       12579 
14000    -5002.2516       0.059       12579 
14100    -5002.2406       0.059       12579 
Optimization precision reduced 
   Optimizing parameters...    improved    0.000 lnL
   Optimizing branchlengths... improved    0.491 lnL
14200    -5001.7464       0.010       12579 
14300    -5001.7357       0.010       12579 
14400    -5001.7293       0.010       12579 
14500    -5001.7271       0.010       12579 
14600    -5001.7198       0.010       12579 
14700    -5001.7184       0.010       12579 
14800    -5001.7052       0.010       14707 
14900    -5001.6987       0.010       14707 
15000    -5001.6979       0.010       14707 
15100    -5001.6977       0.010       14707 
15200    -5001.6958       0.010       14707 
15300    -5001.6930       0.010       14707 
15400    -5001.6877       0.010       14707 
15500    -5001.6833       0.010       14707 
15600    -5001.6804       0.010       14707 
15700    -5001.6713       0.010       14707 
15800    -5001.6577       0.010       15741 
15900    -5001.6495       0.010       15741 
16000    -5001.6479       0.010       15741 
16100    -5001.6472       0.010       15741 
16200    -5001.6438       0.010       15741 
16300    -5001.6421       0.010       15741 
16400    -5001.6401       0.010       15741 
16500    -5001.6399       0.010       15741 
16600    -5001.6395       0.010       15741 
16700    -5001.6373       0.010       15741 
16800    -5001.6353       0.010       15741 
16900    -5001.6350       0.010       15741 
17000    -5001.6214       0.010       15741 
17100    -5001.6209       0.010       15741 
17200    -5001.6203       0.010       15741 
17300    -5001.6183       0.010       15741 
17400    -5001.6179       0.010       15741 
17500    -5001.6176       0.010       15741 
17600    -5001.6155       0.010       15741 
17700    -5001.6134       0.010       15741 
17800    -5001.6118       0.010       15741 
17900    -5001.6117       0.010       15741 
18000    -5001.6112       0.010       15741 
18100    -5001.6093       0.010       15741 
18200    -5001.6087       0.010       15741 
18300    -5001.6068       0.010       15741 
18400    -5001.6058       0.010       15741 
18500    -5001.6045       0.010       15741 
18600    -5001.6042       0.010       15741 
18700    -5001.6034       0.010       15741 
18800    -5001.6033       0.010       15741 
18900    -5001.6033       0.010       15741 
19000    -5001.6032       0.010       15741 
19100    -5001.6028       0.010       15741 
19200    -5001.6025       0.010       15741 
19300    -5001.6022       0.010       15741 
19400    -5001.6021       0.010       15741 
19500    -5001.6015       0.010       15741 
19600    -5001.6015       0.010       15741 
19700    -5001.6014       0.010       15741 
19800    -5001.6011       0.010       15741 
19900    -5001.6008       0.010       15741 
20000    -5001.5990       0.010       15741 
   Optimizing parameters...    improved    0.000 lnL
   Optimizing branchlengths... improved    0.000 lnL
20100    -5001.5986       0.010       15741 
20200    -5001.5982       0.010       15741 
20300    -5001.5981       0.010       15741 
20400    -5001.5973       0.010       15741 
20500    -5001.5973       0.010       15741 
20600    -5001.5964       0.010       15741 
20700    -5001.5959       0.010       15741 
20800    -5001.5955       0.010       15741 
20900    -5001.5946       0.010       15741 
21000    -5001.5945       0.010       15741 
21100    -5001.5930       0.010       15741 
21200    -5001.5926       0.010       15741 
21300    -5001.5926       0.010       15741 
21400    -5001.5918       0.010       15741 
21500    -5001.5909       0.010       15741 
21600    -5001.5907       0.010       15741 
21700    -5001.5901       0.010       15741 
21800    -5001.5897       0.010       15741 
21900    -5001.5895       0.010       15741 
22000    -5001.5893       0.010       15741 
22100    -5001.5889       0.010       15741 
22200    -5001.5883       0.010       15741 
22300    -5001.5881       0.010       15741 
22400    -5001.5881       0.010       15741 
22500    -5001.5881       0.010       15741 
22600    -5001.5876       0.010       15741 
22700    -5001.5870       0.010       15741 
22800    -5001.5869       0.010       15741 
22900    -5001.5869       0.010       15741 
23000    -5001.5869       0.010       15741 
23100    -5001.5867       0.010       15741 
23200    -5001.5859       0.010       15741 
23300    -5001.5856       0.010       15741 
23400    -5001.5856       0.010       15741 
23500    -5001.5836       0.010       15741 
23600    -5001.5828       0.010       15741 
23700    -5001.5823       0.010       15741 
23800    -5001.5821       0.010       15741 
23900    -5001.5806       0.010       15741 
24000    -5001.5799       0.010       15741 
24100    -5001.5797       0.010       15741 
24200    -5001.5796       0.010       15741 
24300    -5001.5792       0.010       15741 
24400    -5001.5790       0.010       15741 
24500    -5001.5786       0.010       15741 
24600    -5001.5783       0.010       15741 
24700    -5001.5781       0.010       15741 
24800    -5001.5781       0.010       15741 
24900    -5001.5776       0.010       15741 
25000    -5001.5775       0.010       15741 
   Optimizing parameters...    improved    0.000 lnL
   Optimizing branchlengths... improved    0.000 lnL
25100    -5001.5775       0.010       15741 
25200    -5001.5773       0.010       15741 
25300    -5001.5772       0.010       15741 
25400    -5001.5772       0.010       15741 
25500    -5001.5768       0.010       15741 
25600    -5001.5766       0.010       15741 
25700    -5001.5766       0.010       15741 
25800    -5001.5763       0.010       15741 
25900    -5001.5763       0.010       15741 
26000    -5001.5762       0.010       15741 
26100    -5001.5760       0.010       15741 
26200    -5001.5760       0.010       15741 
26300    -5001.5758       0.010       15741 
26400    -5001.5757       0.010       15741 
26500    -5001.5754       0.010       15741 
26600    -5001.5753       0.010       15741 
26700    -5001.5753       0.010       15741 
26800    -5001.5747       0.010       15741 
26900    -5001.5745       0.010       15741 
27000    -5001.5744       0.010       15741 
27100    -5001.5743       0.010       15741 
27200    -5001.5738       0.010       15741 
27300    -5001.5738       0.010       15741 
27400    -5001.5732       0.010       15741 
27500    -5001.5730       0.010       15741 
27600    -5001.5730       0.010       15741 
27700    -5001.5728       0.010       15741 
27800    -5001.5726       0.010       15741 
27900    -5001.5726       0.010       15741 
28000    -5001.5724       0.010       15741 
28100    -5001.5723       0.010       15741 
28200    -5001.5704       0.010       15741 
28300    -5001.5676       0.010       15741 
28400    -5001.5676       0.010       15741 
28500    -5001.5674       0.010       15741 
28600    -5001.5673       0.010       15741 
28700    -5001.5673       0.010       15741 
28800    -5001.5672       0.010       15741 
28900    -5001.5663       0.010       15741 
29000    -5001.5662       0.010       15741 
29100    -5001.5662       0.010       15741 
29200    -5001.5660       0.010       15741 
29300    -5001.5658       0.010       15741 
29400    -5001.5657       0.010       15741 
29500    -5001.5657       0.010       15741 
29600    -5001.5657       0.010       15741 
29700    -5001.5657       0.010       15741 
29800    -5001.5656       0.010       15741 
29900    -5001.5656       0.010       15741 
30000    -5001.5655       0.010       15741 
   Optimizing parameters...    improved    0.000 lnL
   Optimizing branchlengths... improved    0.000 lnL
30100    -5001.5655       0.010       15741 
30200    -5001.5654       0.010       15741 
30300    -5001.5654       0.010       15741 
30400    -5001.5654       0.010       15741 
30500    -5001.5653       0.010       15741 
30600    -5001.5648       0.010       15741 
30700    -5001.5643       0.010       15741 
30800    -5001.5642       0.010       15741 
30900    -5001.5642       0.010       15741 
31000    -5001.5642       0.010       15741 
31100    -5001.5627       0.010       15741 
31200    -5001.5626       0.010       15741 
31300    -5001.5626       0.010       15741 
31400    -5001.5626       0.010       15741 
31500    -5001.5614       0.010       15741 
31600    -5001.5613       0.010       15741 
31700    -5001.5612       0.010       15741 
31800    -5001.5611       0.010       15741 
31900    -5001.5611       0.010       15741 
32000    -5001.5611       0.010       15741 
32100    -5001.5611       0.010       15741 
32200    -5001.5610       0.010       15741 
32300    -5001.5605       0.010       15741 
32400    -5001.5605       0.010       15741 
32500    -5001.5604       0.010       15741 
32600    -5001.5604       0.010       15741 
32700    -5001.5604       0.010       15741 
32800    -5001.5604       0.010       15741 
32900    -5001.5604       0.010       15741 
33000    -5001.5604       0.010       15741 
33100    -5001.5603       0.010       15741 
33200    -5001.5603       0.010       15741 
33300    -5001.5603       0.010       15741 
33400    -5001.5603       0.010       15741 
33500    -5001.5602       0.010       15741 
33600    -5001.5602       0.010       15741 
33700    -5001.5601       0.010       15741 
33800    -5001.5601       0.010       15741 
33900    -5001.5601       0.010       15741 
34000    -5001.5601       0.010       15741 
34100    -5001.5600       0.010       15741 
34200    -5001.5599       0.010       15741 
34300    -5001.5591       0.010       15741 
34400    -5001.5591       0.010       15741 
34500    -5001.5591       0.010       15741 
34600    -5001.5590       0.010       15741 
34700    -5001.5590       0.010       15741 
34800    -5001.5588       0.010       15741 
34900    -5001.5588       0.010       15741 
35000    -5001.5588       0.010       15741 
   Optimizing parameters...    improved    0.000 lnL
   Optimizing branchlengths... improved    0.000 lnL
35100    -5001.5587       0.010       15741 
35200    -5001.5586       0.010       15741 
35300    -5001.5586       0.010       15741 
35400    -5001.5586       0.010       15741 
35500    -5001.5585       0.010       15741 
35600    -5001.5585       0.010       15741 
35700    -5001.5585       0.010       15741 
35800    -5001.5585       0.010       15741 
Reached termination condition!
last topological improvement at gen 15741
Improvement over last 500 gen = 0.00016
Current score = -5001.5585
Performing final optimizations...
pass 1 : -5001.5584   (branch= 0.0000  alpha= 0.0000  eq freqs= 0.0000  rel rates= 0.0001)
pass 2 : -5001.5510   (branch= 0.0073  alpha= 0.0000  eq freqs= 0.0000  rel rates= 0.0000)
pass 3 : -5001.5491   (branch= 0.0017  alpha= 0.0000  eq freqs= 0.0000  rel rates= 0.0000)
pass 4 : -5001.5460   (branch= 0.0031  alpha= 0.0000  eq freqs= 0.0000  rel rates= 0.0000)
pass 5 : -5001.5456   (branch= 0.0004  alpha= 0.0000  eq freqs= 0.0000  rel rates= 0.0000)
pass 6 : -5001.5446   (branch= 0.0009  alpha= 0.0000  eq freqs= 0.0000  rel rates= 0.0000)
pass 7 : -5001.5441   (branch= 0.0005  alpha= 0.0000  eq freqs= 0.0000  rel rates= 0.0000)
pass 8 : -5001.5439   (branch= 0.0002  alpha= 0.0000  eq freqs= 0.0000  rel rates= 0.0001)
pass 9 : -5001.5436   (branch= 0.0003  alpha= 0.0000  eq freqs= 0.0000  rel rates= 0.0000)
pass 10: -5001.5433   (branch= 0.0002  alpha= 0.0000  eq freqs= 0.0000  rel rates= 0.0000)
pass 11: -5001.5432   (branch= 0.0001  alpha= 0.0000  eq freqs= 0.0000  rel rates= 0.0000)
pass 12: -5001.5431   (branch= 0.0000  alpha= 0.0000  eq freqs= 0.0000  rel rates= 0.0001)
pass 13: -5001.5430   (branch= 0.0000  alpha= 0.0000  eq freqs= 0.0000  rel rates= 0.0000)
pass 14: -5001.5430   (branch= 0.0000  alpha= 0.0000  eq freqs= 0.0000  rel rates= 0.0000)
pass 15: -5001.5429   (branch= 0.0000  alpha= 0.0000  eq freqs= 0.0000  rel rates= 0.0000)
pass 16: -5001.5429   (branch= 0.0000  alpha= 0.0000  eq freqs= 0.0000  rel rates= 0.0000)
pass 17: -5001.5429   (branch= 0.0000  alpha= 0.0000  eq freqs= 0.0000  rel rates= 0.0000)
pass 18: -5001.5429   (branch= 0.0000  alpha= 0.0000  eq freqs= 0.0000  rel rates= 0.0000)
pass 19: -5001.5428   (branch= 0.0000  alpha= 0.0000  eq freqs= 0.0000  rel rates= 0.0000)
pass 20: -5001.5428   (branch= 0.0000  alpha= 0.0000  eq freqs= 0.0000  rel rates= 0.0000)
 optimization up to ...
pass 22: -5001.5428   (branch= 0.0000  alpha= 0.0000  eq freqs= 0.0000  rel rates= 0.0000)
Looking for minimum length branches...
Final score = -5001.5428
Time used so far = 0 hours, 2 minutes and 40 seconds

MODEL REPORT - Parameter values are FINAL
Model 1
  Number of states = 4 (nucleotide data)
  Nucleotide Relative Rate Matrix: 
    User specified matrix type: (0 1 0 2 3 2) 
    AC = 5.170, AG = 8.060, AT = 5.170, CG = 1.000, CT = 33.047, GT = 1.000
  Equilibrium State Frequencies: estimated
    (ACGT) 0.3044 0.1400 0.1123 0.4433 
  Rate Heterogeneity Model:
    4 discrete gamma distributed rate categories, alpha param estimated
      0.3083
    Substitution rate categories under this model:
      rate	proportion
      0.0060	0.2500
      0.1110	0.2500
      0.6095	0.2500
      3.2736	0.2500

NOTE: Collapsing of minimum length branches was requested (collapsebranches = 1)
    44 branches were collapsed.

>>>Completed Search rep 1 (of 2)<<<

>>>Search rep 2 (of 2)<<<
MODEL REPORT - Parameters are at their INITIAL values (not yet optimized)
Model 1
  Number of states = 4 (nucleotide data)
  Nucleotide Relative Rate Matrix: 
    User specified matrix type: (0 1 0 2 3 2) 
    AC = 1.000, AG = 4.000, AT = 1.000, CG = 1.000, CT = 4.000, GT = 1.000
  Equilibrium State Frequencies: estimated
    (ACGT) 0.3072 0.1656 0.1083 0.4188 
  Rate Heterogeneity Model:
    4 discrete gamma distributed rate categories, alpha param estimated
      0.5000
    Substitution rate categories under this model:
      rate	proportion
      0.0334	0.2500
      0.2519	0.2500
      0.8203	0.2500
      2.8944	0.2500

Starting with seed=1017167013

creating likelihood stepwise addition starting tree...
number of taxa added:
 4  5  6  7  8  9  10  11  12  13  14  15  16  17  18  19  20  21  22  23  24  25  26  27  28  29  30  31  32  33  34  35  36  37  38  39  40  41  42  43  44  45  46  47 
Optimizing parameters... improved 26.192 lnL
Optimizing branchlengths... improved 78.711 lnL
 48  49  50  51  52  53  54  55  56  57  58  59  60  61  62  63  64  65  66  67  68  69  70  71  72  73  74  75  76  77  78  79  80  81  82  83  84  85  86  87  88  89  90  91  92 
Initial ln Likelihood: -5529.4090
optimizing: starting branch lengths, alpha shape, rel rates, eq freqs...
pass 1:+  101.540 (branch=  55.21 scale=  1.36 alpha=  1.60 freqs= 28.58 rel rates= 14.79)
pass 2:+   18.500 (branch=   7.01 scale=  1.08 alpha=  0.01 freqs=  7.60 rel rates=  2.80)
pass 3:+    3.502 (branch=   1.00 scale=  0.00 alpha=  0.01 freqs=  0.08 rel rates=  2.42)
pass 4:+    2.467 (branch=   0.61 scale=  0.00 alpha=  0.01 freqs=  0.21 rel rates=  1.64)
pass 5:+    2.341 (branch=   0.00 scale=  0.00 alpha=  0.01 freqs=  0.25 rel rates=  2.08)
pass 6:+    1.570 (branch=   0.00 scale=  0.00 alpha=  0.01 freqs=  0.15 rel rates=  1.41)
pass 7:+    0.208 (branch=   0.01 scale=  0.00 alpha=  0.01 freqs=  0.18 rel rates=  0.01)
lnL after optimization: -5399.2820
gen      current_lnL    precision  last_tree_imp  
0        -5399.2820       0.500           0 
100      -5336.4567       0.500          93 
200      -5218.9089       0.500         196 
300      -5204.8883       0.500         295 
400      -5199.1528       0.500         399 
500      -5153.5135       0.500         495 
600      -5135.9082       0.500         598 
700      -5124.5606       0.500         694 
800      -5119.1261       0.500         795 
900      -5108.2228       0.500         897 
1000     -5090.5698       0.500         999 
1100     -5088.4509       0.500        1100 
1200     -5081.0157       0.500        1199 
1300     -5079.6461       0.500        1296 
1400     -5078.7115       0.500        1384 
1500     -5074.7210       0.500        1492 
1600     -5072.4334       0.500        1537 
1700     -5071.8804       0.500        1689 
1800     -5067.6045       0.500        1800 
1900     -5067.1252       0.500        1851 
2000     -5065.7723       0.500        2000 
2100     -5064.5960       0.500        2078 
2200     -5064.0316       0.500        2167 
2300     -5060.0030       0.500        2291 
2400     -5059.2557       0.500        2380 
2500     -5058.7254       0.500        2468 
2600     -5057.9113       0.500        2599 
2700     -5057.1420       0.500        2644 
2800     -5043.7764       0.500        2786 
2900     -5041.5926       0.500        2871 
3000     -5038.0796       0.500        2998 
3100     -5016.3405       0.500        3090 
3200     -5015.9588       0.500        3127 
3300     -5015.4773       0.500        3260 
3400     -5014.6948       0.500        3388 
3500     -5014.3093       0.500        3455 
3600     -5014.0751       0.500        3541 
3700     -5013.9382       0.500        3633 
3800     -5013.6434       0.500        3771 
3900     -5013.4208       0.500        3873 
4000     -5013.1406       0.500        3998 
4100     -5012.9969       0.500        3998 
4200     -5012.7440       0.500        4129 
4300     -5012.6616       0.500        4220 
4400     -5012.4365       0.500        4368 
4500     -5012.1820       0.500        4406 
4600     -5012.0981       0.500        4557 
4700     -5012.0147       0.500        4644 
4800     -5011.9498       0.500        4713 
4900     -5011.7200       0.500        4879 
5000     -5011.5624       0.500        4879 
5100     -5011.4877       0.500        4879 
5200     -5011.3821       0.500        5182 
5300     -5011.2517       0.500        5182 
5400     -5011.1555       0.500        5348 
5500     -5011.0083       0.500        5348 
5600     -5010.9150       0.500        5348 
5700     -5010.7200       0.500        5643 
5800     -5010.5129       0.500        5789 
5900     -5010.4501       0.500        5828 
6000     -5010.3443       0.500        5828 
6100     -5008.6154       0.500        6007 
6200     -5008.5022       0.500        6142 
6300     -5006.9698       0.500        6284 
6400     -5006.7773       0.500        6301 
6500     -5006.4403       0.500        6460 
6600     -5006.3928       0.500        6460 
6700     -5006.3125       0.500        6460 
6800     -5006.2624       0.500        6757 
6900     -5006.0910       0.500        6871 
7000     -5006.0418       0.500        7000 
7100     -5005.9902       0.500        7000 
7200     -5005.8749       0.500        7000 
7300     -5005.7870       0.500        7000 
7400     -5005.6753       0.500        7000 
7500     -5005.6127       0.500        7491 
7600     -5005.5380       0.500        7491 
7700     -5005.5072       0.500        7491 
7800     -5005.4752       0.500        7491 
7900     -5005.2645       0.500        7491 
8000     -5005.1901       0.500        7958 
8100     -5005.1349       0.500        7958 
8200     -5005.0575       0.500        7958 
8300     -5004.9626       0.500        7958 
8400     -5004.9509       0.500        7958 
8500     -5004.8909       0.500        7958 
Optimization precision reduced 
   Optimizing parameters...    improved    0.002 lnL
   Optimizing branchlengths... improved    0.010 lnL
8600     -5004.8343       0.451        8591 
8700     -5004.8113       0.451        8591 
8800     -5004.7855       0.451        8591 
8900     -5004.7772       0.451        8591 
9000     -5004.7635       0.451        8591 
9100     -5004.7373       0.451        8591 
Optimization precision reduced 
   Optimizing parameters...    improved    0.001 lnL
   Optimizing branchlengths... improved    0.000 lnL
9200     -5004.7157       0.402        8591 
9300     -5004.6782       0.402        9211 
9400     -5004.6667       0.402        9211 
9500     -5004.6570       0.402        9211 
9600     -5004.6018       0.402        9589 
9700     -5004.5740       0.402        9589 
9800     -5004.5614       0.402        9589 
9900     -5004.5281       0.402        9589 
10000    -5004.5082       0.402        9589 
10100    -5004.4859       0.402        9589 
Optimization precision reduced 
   Optimizing parameters...    improved    0.000 lnL
   Optimizing branchlengths... improved    0.000 lnL
10200    -5004.4338       0.353        9589 
10300    -5004.4079       0.353        9589 
10400    -5004.3957       0.353        9589 
10500    -5004.3857       0.353        9589 
10600    -5004.3488       0.353       10505 
10700    -5004.3385       0.353       10505 
10800    -5004.3008       0.353       10505 
10900    -5004.2644       0.353       10505 
11000    -5004.2430       0.353       10505 
11100    -5004.2180       0.353       11094 
11200    -5004.1977       0.353       11094 
11300    -5004.1596       0.353       11094 
11400    -5004.1409       0.353       11094 
11500    -5004.1266       0.353       11094 
11600    -5004.0555       0.353       11094 
Optimization precision reduced 
   Optimizing parameters...    improved    0.000 lnL
   Optimizing branchlengths... improved    0.000 lnL
11700    -5004.0347       0.304       11094 
11800    -5004.0219       0.304       11094 
11900    -5003.9995       0.304       11094 
12000    -5003.9824       0.304       11094 
12100    -5003.9684       0.304       11094 
Optimization precision reduced 
   Optimizing parameters...    improved    0.001 lnL
   Optimizing branchlengths... improved    0.387 lnL
12200    -5003.5675       0.255       11094 
12300    -5003.5533       0.255       11094 
12400    -5003.4652       0.255       12341 
12500    -5003.3488       0.255       12341 
12600    -5003.3116       0.255       12341 
12700    -5003.2654       0.255       12341 
12800    -5003.2222       0.255       12341 
12900    -5003.1956       0.255       12341 
Optimization precision reduced 
   Optimizing parameters...    improved    0.007 lnL
   Optimizing branchlengths... improved    0.000 lnL
13000    -5003.1605       0.206       12341 
13100    -5003.1197       0.206       12341 
13200    -5003.0042       0.206       13167 
13300    -5002.9831       0.206       13167 
13400    -5002.9550       0.206       13167 
13500    -5002.8869       0.206       13167 
13600    -5002.8677       0.206       13167 
13700    -5002.8315       0.206       13167 
Optimization precision reduced 
   Optimizing parameters...    improved    0.002 lnL
   Optimizing branchlengths... improved    0.000 lnL
13800    -5002.7984       0.157       13167 
13900    -5002.7778       0.157       13167 
14000    -5002.7617       0.157       13167 
14100    -5002.7448       0.157       13167 
14200    -5002.7387       0.157       13167 
Optimization precision reduced 
   Optimizing parameters...    improved    0.001 lnL
   Optimizing branchlengths... improved    0.177 lnL
14300    -5002.5418       0.108       13167 
14400    -5002.5212       0.108       13167 
14500    -5002.4912       0.108       13167 
14600    -5002.4805       0.108       13167 
14700    -5002.4744       0.108       13167 
Optimization precision reduced 
   Optimizing parameters...    improved    0.000 lnL
   Optimizing branchlengths... improved    0.115 lnL
14800    -5002.3556       0.059       13167 
14900    -5002.3447       0.059       13167 
15000    -5002.3417       0.059       13167 
15100    -5002.3299       0.059       13167 
15200    -5002.3170       0.059       13167 
Optimization precision reduced 
   Optimizing parameters...    improved    0.000 lnL
   Optimizing branchlengths... improved    0.577 lnL
15300    -5001.7292       0.010       13167 
15400    -5001.7134       0.010       15322 
15500    -5001.7059       0.010       15322 
15600    -5001.6998       0.010       15322 
15700    -5001.6980       0.010       15322 
15800    -5001.6920       0.010       15322 
15900    -5001.6890       0.010       15322 
16000    -5001.6816       0.010       15322 
16100    -5001.6776       0.010       15322 
16200    -5001.6772       0.010       15322 
16300    -5001.6726       0.010       15322 
16400    -5001.6673       0.010       15322 
16500    -5001.6638       0.010       15322 
16600    -5001.6610       0.010       15322 
16700    -5001.6490       0.010       15322 
16800    -5001.6483       0.010       15322 
16900    -5001.6464       0.010       15322 
17000    -5001.6420       0.010       15322 
17100    -5001.6404       0.010       15322 
17200    -5001.6403       0.010       15322 
17300    -5001.6402       0.010       15322 
17400    -5001.6402       0.010       15322 
17500    -5001.6355       0.010       15322 
17600    -5001.6339       0.010       15322 
17700    -5001.6328       0.010       15322 
17800    -5001.6266       0.010       15322 
17900    -5001.6239       0.010       15322 
18000    -5001.6217       0.010       15322 
18100    -5001.6193       0.010       15322 
18200    -5001.6169       0.010       15322 
18300    -5001.6160       0.010       15322 
18400    -5001.6143       0.010       15322 
18500    -5001.6133       0.010       15322 
18600    -5001.6050       0.010       15322 
18700    -5001.6043       0.010       15322 
18800    -5001.6040       0.010       15322 
18900    -5001.6040       0.010       15322 
19000    -5001.6039       0.010       15322 
19100    -5001.6034       0.010       15322 
19200    -5001.6009       0.010       15322 
19300    -5001.6004       0.010       15322 
19400    -5001.5993       0.010       15322 
19500    -5001.5982       0.010       15322 
19600    -5001.5979       0.010       15322 
19700    -5001.5970       0.010       15322 
19800    -5001.5958       0.010       15322 
19900    -5001.5946       0.010       15322 
20000    -5001.5934       0.010       15322 
20100    -5001.5924       0.010       15322 
20200    -5001.5918       0.010       15322 
20300    -5001.5915       0.010       15322 
20400    -5001.5905       0.010       15322 
20500    -5001.5896       0.010       15322 
20600    -5001.5890       0.010       15322 
20700    -5001.5870       0.010       15322 
20800    -5001.5868       0.010       15322 
20900    -5001.5868       0.010       15322 
21000    -5001.5857       0.010       15322 
21100    -5001.5850       0.010       15322 
21200    -5001.5843       0.010       15322 
21300    -5001.5835       0.010       15322 
21400    -5001.5828       0.010       15322 
21500    -5001.5827       0.010       15322 
21600    -5001.5819       0.010       15322 
21700    -5001.5810       0.010       15322 
21800    -5001.5805       0.010       15322 
21900    -5001.5804       0.010       15322 
22000    -5001.5803       0.010       15322 
22100    -5001.5802       0.010       15322 
22200    -5001.5793       0.010       15322 
22300    -5001.5792       0.010       15322 
22400    -5001.5792       0.010       15322 
22500    -5001.5787       0.010       15322 
22600    -5001.5782       0.010       15322 
22700    -5001.5780       0.010       15322 
22800    -5001.5777       0.010       15322 
22900    -5001.5775       0.010       15322 
23000    -5001.5774       0.010       15322 
23100    -5001.5770       0.010       15322 
23200    -5001.5769       0.010       15322 
23300    -5001.5769       0.010       15322 
23400    -5001.5768       0.010       15322 
23500    -5001.5763       0.010       15322 
23600    -5001.5761       0.010       15322 
23700    -5001.5757       0.010       15322 
23800    -5001.5740       0.010       15322 
23900    -5001.5728       0.010       15322 
24000    -5001.5720       0.010       15322 
24100    -5001.5716       0.010       15322 
24200    -5001.5715       0.010       15322 
24300    -5001.5712       0.010       15322 
24400    -5001.5711       0.010       15322 
24500    -5001.5710       0.010       15322 
24600    -5001.5709       0.010       15322 
24700    -5001.5708       0.010       15322 
24800    -5001.5707       0.010       15322 
24900    -5001.5702       0.010       15322 
25000    -5001.5700       0.010       15322 
   Optimizing parameters...    improved    0.000 lnL
   Optimizing branchlengths... improved    0.000 lnL
25100    -5001.5697       0.010       15322 
25200    -5001.5696       0.010       15322 
25300    -5001.5689       0.010       15322 
25400    -5001.5688       0.010       15322 
25500    -5001.5679       0.010       15322 
25600    -5001.5677       0.010       15322 
25700    -5001.5671       0.010       15322 
25800    -5001.5665       0.010       15322 
25900    -5001.5660       0.010       15322 
26000    -5001.5657       0.010       15322 
26100    -5001.5657       0.010       15322 
26200    -5001.5654       0.010       15322 
26300    -5001.5654       0.010       15322 
26400    -5001.5652       0.010       15322 
26500    -5001.5651       0.010       15322 
26600    -5001.5650       0.010       15322 
26700    -5001.5646       0.010       15322 
26800    -5001.5645       0.010       15322 
26900    -5001.5645       0.010       15322 
27000    -5001.5644       0.010       15322 
27100    -5001.5644       0.010       15322 
27200    -5001.5644       0.010       15322 
27300    -5001.5642       0.010       15322 
27400    -5001.5641       0.010       15322 
27500    -5001.5639       0.010       15322 
27600    -5001.5637       0.010       15322 
27700    -5001.5637       0.010       15322 
27800    -5001.5636       0.010       15322 
27900    -5001.5635       0.010       15322 
28000    -5001.5634       0.010       15322 
28100    -5001.5633       0.010       15322 
28200    -5001.5629       0.010       15322 
28300    -5001.5629       0.010       15322 
28400    -5001.5628       0.010       15322 
28500    -5001.5628       0.010       15322 
28600    -5001.5626       0.010       15322 
28700    -5001.5624       0.010       15322 
28800    -5001.5623       0.010       15322 
28900    -5001.5622       0.010       15322 
29000    -5001.5621       0.010       15322 
29100    -5001.5621       0.010       15322 
29200    -5001.5620       0.010       15322 
29300    -5001.5619       0.010       15322 
29400    -5001.5616       0.010       15322 
29500    -5001.5616       0.010       15322 
29600    -5001.5614       0.010       15322 
29700    -5001.5614       0.010       15322 
29800    -5001.5614       0.010       15322 
29900    -5001.5612       0.010       15322 
30000    -5001.5611       0.010       15322 
   Optimizing parameters...    improved    0.000 lnL
   Optimizing branchlengths... improved    0.000 lnL
30100    -5001.5609       0.010       15322 
30200    -5001.5608       0.010       15322 
30300    -5001.5608       0.010       15322 
30400    -5001.5608       0.010       15322 
30500    -5001.5607       0.010       15322 
30600    -5001.5607       0.010       15322 
30700    -5001.5605       0.010       15322 
30800    -5001.5596       0.010       15322 
30900    -5001.5596       0.010       15322 
31000    -5001.5596       0.010       15322 
31100    -5001.5595       0.010       15322 
31200    -5001.5594       0.010       15322 
31300    -5001.5593       0.010       15322 
31400    -5001.5592       0.010       15322 
31500    -5001.5591       0.010       15322 
31600    -5001.5590       0.010       15322 
31700    -5001.5589       0.010       15322 
31800    -5001.5589       0.010       15322 
31900    -5001.5589       0.010       15322 
32000    -5001.5588       0.010       15322 
32100    -5001.5588       0.010       15322 
32200    -5001.5583       0.010       15322 
32300    -5001.5583       0.010       15322 
32400    -5001.5582       0.010       15322 
32500    -5001.5580       0.010       15322 
32600    -5001.5580       0.010       15322 
32700    -5001.5579       0.010       15322 
32800    -5001.5579       0.010       15322 
32900    -5001.5579       0.010       15322 
33000    -5001.5578       0.010       15322 
33100    -5001.5578       0.010       15322 
33200    -5001.5576       0.010       15322 
33300    -5001.5574       0.010       15322 
33400    -5001.5573       0.010       15322 
33500    -5001.5573       0.010       15322 
33600    -5001.5573       0.010       15322 
33700    -5001.5572       0.010       15322 
33800    -5001.5556       0.010       15322 
33900    -5001.5555       0.010       15322 
34000    -5001.5547       0.010       15322 
34100    -5001.5547       0.010       15322 
34200    -5001.5546       0.010       15322 
34300    -5001.5546       0.010       15322 
34400    -5001.5546       0.010       15322 
34500    -5001.5546       0.010       15322 
34600    -5001.5546       0.010       15322 
34700    -5001.5546       0.010       15322 
34800    -5001.5546       0.010       15322 
34900    -5001.5546       0.010       15322 
35000    -5001.5546       0.010       15322 
   Optimizing parameters...    improved    0.000 lnL
   Optimizing branchlengths... improved    0.000 lnL
35100    -5001.5545       0.010       15322 
35200    -5001.5544       0.010       15322 
35300    -5001.5544       0.010       15322 
35400    -5001.5544       0.010       15322 
Reached termination condition!
last topological improvement at gen 15322
Improvement over last 500 gen = 0.00018
Current score = -5001.5544
Performing final optimizations...
pass 1 : -5001.5544   (branch= 0.0000  alpha= 0.0000  eq freqs= 0.0000  rel rates= 0.0000)
pass 2 : -5001.5472   (branch= 0.0071  alpha= 0.0000  eq freqs= 0.0000  rel rates= 0.0000)
pass 3 : -5001.5458   (branch= 0.0014  alpha= 0.0000  eq freqs= 0.0000  rel rates= 0.0000)
pass 4 : -5001.5451   (branch= 0.0008  alpha= 0.0000  eq freqs= 0.0000  rel rates= 0.0000)
pass 5 : -5001.5445   (branch= 0.0005  alpha= 0.0000  eq freqs= 0.0000  rel rates= 0.0000)
pass 6 : -5001.5443   (branch= 0.0002  alpha= 0.0000  eq freqs= 0.0000  rel rates= 0.0000)
pass 7 : -5001.5439   (branch= 0.0004  alpha= 0.0000  eq freqs= 0.0000  rel rates= 0.0000)
pass 8 : -5001.5436   (branch= 0.0003  alpha= 0.0000  eq freqs= 0.0000  rel rates= 0.0000)
pass 9 : -5001.5434   (branch= 0.0002  alpha= 0.0000  eq freqs= 0.0000  rel rates= 0.0000)
pass 10: -5001.5431   (branch= 0.0003  alpha= 0.0000  eq freqs= 0.0000  rel rates= 0.0000)
pass 11: -5001.5430   (branch= 0.0001  alpha= 0.0000  eq freqs= 0.0000  rel rates= 0.0000)
pass 12: -5001.5429   (branch= 0.0000  alpha= 0.0000  eq freqs= 0.0000  rel rates= 0.0000)
pass 13: -5001.5429   (branch= 0.0000  alpha= 0.0000  eq freqs= 0.0000  rel rates= 0.0000)
pass 14: -5001.5429   (branch= 0.0000  alpha= 0.0000  eq freqs= 0.0000  rel rates= 0.0000)
pass 15: -5001.5428   (branch= 0.0000  alpha= 0.0000  eq freqs= 0.0000  rel rates= 0.0000)
pass 16: -5001.5428   (branch= 0.0000  alpha= 0.0000  eq freqs= 0.0000  rel rates= 0.0000)
pass 17: -5001.5428   (branch= 0.0000  alpha= 0.0000  eq freqs= 0.0000  rel rates= 0.0000)
pass 18: -5001.5428   (branch= 0.0000  alpha= 0.0000  eq freqs= 0.0000  rel rates= 0.0000)
Looking for minimum length branches...
Final score = -5001.5428
Time used = 0 hours, 5 minutes and 16 seconds

MODEL REPORT - Parameter values are FINAL
Model 1
  Number of states = 4 (nucleotide data)
  Nucleotide Relative Rate Matrix: 
    User specified matrix type: (0 1 0 2 3 2) 
    AC = 5.171, AG = 8.061, AT = 5.171, CG = 1.000, CT = 33.052, GT = 1.000
  Equilibrium State Frequencies: estimated
    (ACGT) 0.3044 0.1400 0.1123 0.4433 
  Rate Heterogeneity Model:
    4 discrete gamma distributed rate categories, alpha param estimated
      0.3083
    Substitution rate categories under this model:
      rate	proportion
      0.0060	0.2500
      0.1110	0.2500
      0.6095	0.2500
      3.2735	0.2500

NOTE: Collapsing of minimum length branches was requested (collapsebranches = 1)
    44 branches were collapsed.

>>>Completed Search rep 2 (of 2)<<<

#######################################################

Completed 2 replicate search(es) (of 2).

NOTE: Unless the following output indicates that search replicates found the
	same topology, you should assume that they found different topologies.
Results:
Replicate 1 : -5001.5428       
Replicate 2 : -5001.5428 (best)

Parameter estimates across search replicates:
         r(AC)  r(AG)  r(AT)  r(CG)  r(CT)  r(GT) pi(A) pi(C) pi(G) pi(T) alpha
rep 1:    5.17   8.06   5.17      1  33.05      1 0.304 0.140 0.112 0.443 0.308
rep 2:   5.171  8.061  5.171      1  33.05      1 0.304 0.140 0.112 0.443 0.308

Treelengths:
          TL 
rep 1:  2.550
rep 2:  2.550

Saving final trees from all search reps to Adetomyrma_829199546.best.all.tre

Saving final tree from best search rep (#2) to Adetomyrma_829199546.best.tre
#######################################################
